16:27:49 DEBUG : Logs will be stored at 'C:/Users/Kasper/vitis_Classic/workspace2/IDE.log'.
16:27:56 INFO  : Launching XSCT server: xsct.bat -n  -interactive C:\Users\Kasper\vitis_Classic\workspace2\temp_xsdb_launch_script.tcl
16:27:56 INFO  : Platform repository initialization has completed.
16:27:56 INFO  : Registering command handlers for Vitis TCF services
16:27:59 INFO  : XSCT server has started successfully.
16:27:59 INFO  : Successfully done setting XSCT server connection channel  
16:28:00 INFO  : plnx-install-location is set to ''
16:28:00 INFO  : Successfully done setting workspace for the tool. 
16:28:00 INFO  : Successfully done query RDI_DATADIR 
16:28:38 INFO  : Result from executing command 'getProjects': design_1_wrapper
16:28:38 INFO  : Result from executing command 'getPlatforms': 
16:28:39 WARN  : An unexpected exception occurred in the module 'platform project logging'
16:28:39 INFO  : Platform 'design_1_wrapper' is added to custom repositories.
16:28:41 INFO  : Platform 'design_1_wrapper' is added to custom repositories.
16:31:55 INFO  : Result from executing command 'getProjects': design_1_wrapper
16:31:55 INFO  : Result from executing command 'getPlatforms': design_1_wrapper|C:/Users/Kasper/vitis_Classic/workspace2/design_1_wrapper/export/design_1_wrapper/design_1_wrapper.xpfm
16:31:55 INFO  : Checking for BSP changes to sync application flags for project 'Week4'...
16:36:09 INFO  : Checking for BSP changes to sync application flags for project 'Week4'...
16:36:26 INFO  : Checking for BSP changes to sync application flags for project 'Week4'...
16:36:52 INFO  : Checking for BSP changes to sync application flags for project 'Week4'...
16:38:55 INFO  : Checking for BSP changes to sync application flags for project 'Week4'...
20:32:48 INFO  : Checking for BSP changes to sync application flags for project 'Week4'...
20:35:35 INFO  : Checking for BSP changes to sync application flags for project 'Week4'...
20:35:43 INFO  : Connected to target on host '127.0.0.1' and port '3121'.
20:35:43 INFO  : Jtag cable 'Digilent Basys3 210183A37940A' is selected.
20:35:43 INFO  : 'jtag frequency' command is executed.
20:35:44 INFO  : 'targets -set -filter {jtag_cable_name =~ "Digilent Basys3 210183A37940A" && level==0 && jtag_device_ctx=="jsn-Basys3-210183A37940A-0362d093-0"}' command is executed.
20:35:44 INFO  : Device configured successfully with "C:/Users/Kasper/vitis_Classic/workspace2/Week4/_ide/bitstream/design_1_wrapper.bit"
20:35:44 INFO  : Context for processor 'microblaze_0' is selected.
20:35:44 INFO  : Hardware design and registers information is loaded from 'C:/Users/Kasper/vitis_Classic/workspace2/design_1_wrapper/export/design_1_wrapper/hw/design_1_wrapper.xsa'.
20:35:44 INFO  : 'configparams mdm-detect-bscan-mask 2' command is executed.
20:35:44 INFO  : Context for processor 'microblaze_0' is selected.
20:35:44 INFO  : System reset is completed.
20:35:47 INFO  : 'after 3000' command is executed.
20:35:47 INFO  : Context for processor 'microblaze_0' is selected.
20:35:47 INFO  : The application 'C:/Users/Kasper/vitis_Classic/workspace2/Week4/Debug/Week4.elf' is downloaded to processor 'microblaze_0'.
20:35:47 INFO  : ----------------XSDB Script----------------
connect -url tcp:127.0.0.1:3121
targets -set -filter {jtag_cable_name =~ "Digilent Basys3 210183A37940A" && level==0 && jtag_device_ctx=="jsn-Basys3-210183A37940A-0362d093-0"}
fpga -file C:/Users/Kasper/vitis_Classic/workspace2/Week4/_ide/bitstream/design_1_wrapper.bit
targets -set -nocase -filter {name =~ "*microblaze*#0" && bscan=="USER2" }
loadhw -hw C:/Users/Kasper/vitis_Classic/workspace2/design_1_wrapper/export/design_1_wrapper/hw/design_1_wrapper.xsa -regs
configparams mdm-detect-bscan-mask 2
targets -set -nocase -filter {name =~ "*microblaze*#0" && bscan=="USER2" }
rst -system
after 3000
targets -set -nocase -filter {name =~ "*microblaze*#0" && bscan=="USER2" }
dow C:/Users/Kasper/vitis_Classic/workspace2/Week4/Debug/Week4.elf
----------------End of Script----------------

20:35:48 INFO  : Context for processor 'microblaze_0' is selected.
20:35:48 INFO  : 'con' command is executed.
20:35:48 INFO  : ----------------XSDB Script (After Launch)----------------
targets -set -nocase -filter {name =~ "*microblaze*#0" && bscan=="USER2" }
con
----------------End of Script----------------

20:35:48 INFO  : Launch script is exported to file 'C:\Users\Kasper\vitis_Classic\workspace2\Week4_system\_ide\scripts\systemdebugger_week4_system_standalone.tcl'
20:36:21 INFO  : Checking for BSP changes to sync application flags for project 'Week4'...
20:36:32 INFO  : Disconnected from the channel tcfchan#2.
20:36:33 INFO  : Connected to target on host '127.0.0.1' and port '3121'.
20:36:33 INFO  : Jtag cable 'Digilent Basys3 210183A37940A' is selected.
20:36:33 INFO  : 'jtag frequency' command is executed.
20:36:33 INFO  : 'targets -set -filter {jtag_cable_name =~ "Digilent Basys3 210183A37940A" && level==0 && jtag_device_ctx=="jsn-Basys3-210183A37940A-0362d093-0"}' command is executed.
20:36:34 INFO  : Device configured successfully with "C:/Users/Kasper/vitis_Classic/workspace2/Week4/_ide/bitstream/design_1_wrapper.bit"
20:36:34 INFO  : Context for processor 'microblaze_0' is selected.
20:36:34 INFO  : Hardware design and registers information is loaded from 'C:/Users/Kasper/vitis_Classic/workspace2/design_1_wrapper/export/design_1_wrapper/hw/design_1_wrapper.xsa'.
20:36:34 INFO  : 'configparams mdm-detect-bscan-mask 2' command is executed.
20:36:34 INFO  : Context for processor 'microblaze_0' is selected.
20:36:34 INFO  : System reset is completed.
20:36:37 INFO  : 'after 3000' command is executed.
20:36:37 INFO  : Context for processor 'microblaze_0' is selected.
20:36:37 INFO  : The application 'C:/Users/Kasper/vitis_Classic/workspace2/Week4/Debug/Week4.elf' is downloaded to processor 'microblaze_0'.
20:36:37 INFO  : ----------------XSDB Script----------------
connect -url tcp:127.0.0.1:3121
targets -set -filter {jtag_cable_name =~ "Digilent Basys3 210183A37940A" && level==0 && jtag_device_ctx=="jsn-Basys3-210183A37940A-0362d093-0"}
fpga -file C:/Users/Kasper/vitis_Classic/workspace2/Week4/_ide/bitstream/design_1_wrapper.bit
targets -set -nocase -filter {name =~ "*microblaze*#0" && bscan=="USER2" }
loadhw -hw C:/Users/Kasper/vitis_Classic/workspace2/design_1_wrapper/export/design_1_wrapper/hw/design_1_wrapper.xsa -regs
configparams mdm-detect-bscan-mask 2
targets -set -nocase -filter {name =~ "*microblaze*#0" && bscan=="USER2" }
rst -system
after 3000
targets -set -nocase -filter {name =~ "*microblaze*#0" && bscan=="USER2" }
dow C:/Users/Kasper/vitis_Classic/workspace2/Week4/Debug/Week4.elf
----------------End of Script----------------

20:36:37 INFO  : Context for processor 'microblaze_0' is selected.
20:36:37 INFO  : 'con' command is executed.
20:36:37 INFO  : ----------------XSDB Script (After Launch)----------------
targets -set -nocase -filter {name =~ "*microblaze*#0" && bscan=="USER2" }
con
----------------End of Script----------------

20:36:37 INFO  : Launch script is exported to file 'C:\Users\Kasper\vitis_Classic\workspace2\Week4_system\_ide\scripts\systemdebugger_week4_system_1_standalone.tcl'
20:38:43 INFO  : Checking for BSP changes to sync application flags for project 'Week4'...
20:39:02 INFO  : Disconnected from the channel tcfchan#3.
20:39:02 INFO  : Connected to target on host '127.0.0.1' and port '3121'.
20:39:02 INFO  : Jtag cable 'Digilent Basys3 210183A37940A' is selected.
20:39:02 INFO  : 'jtag frequency' command is executed.
20:39:02 INFO  : 'targets -set -filter {jtag_cable_name =~ "Digilent Basys3 210183A37940A" && level==0 && jtag_device_ctx=="jsn-Basys3-210183A37940A-0362d093-0"}' command is executed.
20:39:02 INFO  : Device configured successfully with "C:/Users/Kasper/vitis_Classic/workspace2/Week4/_ide/bitstream/design_1_wrapper.bit"
20:39:02 INFO  : Context for processor 'microblaze_0' is selected.
20:39:02 INFO  : Hardware design and registers information is loaded from 'C:/Users/Kasper/vitis_Classic/workspace2/design_1_wrapper/export/design_1_wrapper/hw/design_1_wrapper.xsa'.
20:39:02 INFO  : 'configparams mdm-detect-bscan-mask 2' command is executed.
20:39:02 INFO  : Context for processor 'microblaze_0' is selected.
20:39:02 INFO  : System reset is completed.
20:39:05 INFO  : 'after 3000' command is executed.
20:39:05 INFO  : Context for processor 'microblaze_0' is selected.
20:39:05 INFO  : The application 'C:/Users/Kasper/vitis_Classic/workspace2/Week4/Debug/Week4.elf' is downloaded to processor 'microblaze_0'.
20:39:05 INFO  : ----------------XSDB Script----------------
connect -url tcp:127.0.0.1:3121
targets -set -filter {jtag_cable_name =~ "Digilent Basys3 210183A37940A" && level==0 && jtag_device_ctx=="jsn-Basys3-210183A37940A-0362d093-0"}
fpga -file C:/Users/Kasper/vitis_Classic/workspace2/Week4/_ide/bitstream/design_1_wrapper.bit
targets -set -nocase -filter {name =~ "*microblaze*#0" && bscan=="USER2" }
loadhw -hw C:/Users/Kasper/vitis_Classic/workspace2/design_1_wrapper/export/design_1_wrapper/hw/design_1_wrapper.xsa -regs
configparams mdm-detect-bscan-mask 2
targets -set -nocase -filter {name =~ "*microblaze*#0" && bscan=="USER2" }
rst -system
after 3000
targets -set -nocase -filter {name =~ "*microblaze*#0" && bscan=="USER2" }
dow C:/Users/Kasper/vitis_Classic/workspace2/Week4/Debug/Week4.elf
----------------End of Script----------------

20:39:06 INFO  : Context for processor 'microblaze_0' is selected.
20:39:06 INFO  : 'con' command is executed.
20:39:06 INFO  : ----------------XSDB Script (After Launch)----------------
targets -set -nocase -filter {name =~ "*microblaze*#0" && bscan=="USER2" }
con
----------------End of Script----------------

20:39:06 INFO  : Launch script is exported to file 'C:\Users\Kasper\vitis_Classic\workspace2\Week4_system\_ide\scripts\systemdebugger_week4_system_1_standalone.tcl'
20:44:44 INFO  : Checking for BSP changes to sync application flags for project 'Week4'...
20:44:48 INFO  : Disconnected from the channel tcfchan#4.
20:44:48 INFO  : Connected to target on host '127.0.0.1' and port '3121'.
20:44:49 INFO  : Jtag cable 'Digilent Basys3 210183A37940A' is selected.
20:44:49 INFO  : 'jtag frequency' command is executed.
20:44:49 INFO  : 'targets -set -filter {jtag_cable_name =~ "Digilent Basys3 210183A37940A" && level==0 && jtag_device_ctx=="jsn-Basys3-210183A37940A-0362d093-0"}' command is executed.
20:44:49 INFO  : Device configured successfully with "C:/Users/Kasper/vitis_Classic/workspace2/Week4/_ide/bitstream/design_1_wrapper.bit"
20:44:49 INFO  : Context for processor 'microblaze_0' is selected.
20:44:49 INFO  : Hardware design and registers information is loaded from 'C:/Users/Kasper/vitis_Classic/workspace2/design_1_wrapper/export/design_1_wrapper/hw/design_1_wrapper.xsa'.
20:44:49 INFO  : 'configparams mdm-detect-bscan-mask 2' command is executed.
20:44:49 INFO  : Context for processor 'microblaze_0' is selected.
20:44:49 INFO  : System reset is completed.
20:44:52 INFO  : 'after 3000' command is executed.
20:44:52 INFO  : Context for processor 'microblaze_0' is selected.
20:44:52 INFO  : The application 'C:/Users/Kasper/vitis_Classic/workspace2/Week4/Debug/Week4.elf' is downloaded to processor 'microblaze_0'.
20:44:52 INFO  : ----------------XSDB Script----------------
connect -url tcp:127.0.0.1:3121
targets -set -filter {jtag_cable_name =~ "Digilent Basys3 210183A37940A" && level==0 && jtag_device_ctx=="jsn-Basys3-210183A37940A-0362d093-0"}
fpga -file C:/Users/Kasper/vitis_Classic/workspace2/Week4/_ide/bitstream/design_1_wrapper.bit
targets -set -nocase -filter {name =~ "*microblaze*#0" && bscan=="USER2" }
loadhw -hw C:/Users/Kasper/vitis_Classic/workspace2/design_1_wrapper/export/design_1_wrapper/hw/design_1_wrapper.xsa -regs
configparams mdm-detect-bscan-mask 2
targets -set -nocase -filter {name =~ "*microblaze*#0" && bscan=="USER2" }
rst -system
after 3000
targets -set -nocase -filter {name =~ "*microblaze*#0" && bscan=="USER2" }
dow C:/Users/Kasper/vitis_Classic/workspace2/Week4/Debug/Week4.elf
----------------End of Script----------------

20:44:52 INFO  : Context for processor 'microblaze_0' is selected.
20:44:52 INFO  : 'con' command is executed.
20:44:52 INFO  : ----------------XSDB Script (After Launch)----------------
targets -set -nocase -filter {name =~ "*microblaze*#0" && bscan=="USER2" }
con
----------------End of Script----------------

20:44:52 INFO  : Launch script is exported to file 'C:\Users\Kasper\vitis_Classic\workspace2\Week4_system\_ide\scripts\systemdebugger_week4_system_1_standalone.tcl'
21:30:00 INFO  : Checking for BSP changes to sync application flags for project 'Week4'...
21:33:57 INFO  : Checking for BSP changes to sync application flags for project 'Week4'...
21:34:04 INFO  : Disconnected from the channel tcfchan#5.
21:34:04 INFO  : Connected to target on host '127.0.0.1' and port '3121'.
21:34:04 INFO  : Jtag cable 'Digilent Basys3 210183A37940A' is selected.
21:34:04 INFO  : 'jtag frequency' command is executed.
21:34:04 INFO  : 'targets -set -filter {jtag_cable_name =~ "Digilent Basys3 210183A37940A" && level==0 && jtag_device_ctx=="jsn-Basys3-210183A37940A-0362d093-0"}' command is executed.
21:34:04 INFO  : Device configured successfully with "C:/Users/Kasper/vitis_Classic/workspace2/Week4/_ide/bitstream/design_1_wrapper.bit"
21:34:04 INFO  : Context for processor 'microblaze_0' is selected.
21:34:04 INFO  : Hardware design and registers information is loaded from 'C:/Users/Kasper/vitis_Classic/workspace2/design_1_wrapper/export/design_1_wrapper/hw/design_1_wrapper.xsa'.
21:34:04 INFO  : 'configparams mdm-detect-bscan-mask 2' command is executed.
21:34:04 INFO  : Context for processor 'microblaze_0' is selected.
21:34:04 INFO  : System reset is completed.
21:34:08 INFO  : 'after 3000' command is executed.
21:34:08 INFO  : Context for processor 'microblaze_0' is selected.
21:34:08 INFO  : The application 'C:/Users/Kasper/vitis_Classic/workspace2/Week4/Debug/Week4.elf' is downloaded to processor 'microblaze_0'.
21:34:08 INFO  : ----------------XSDB Script----------------
connect -url tcp:127.0.0.1:3121
targets -set -filter {jtag_cable_name =~ "Digilent Basys3 210183A37940A" && level==0 && jtag_device_ctx=="jsn-Basys3-210183A37940A-0362d093-0"}
fpga -file C:/Users/Kasper/vitis_Classic/workspace2/Week4/_ide/bitstream/design_1_wrapper.bit
targets -set -nocase -filter {name =~ "*microblaze*#0" && bscan=="USER2" }
loadhw -hw C:/Users/Kasper/vitis_Classic/workspace2/design_1_wrapper/export/design_1_wrapper/hw/design_1_wrapper.xsa -regs
configparams mdm-detect-bscan-mask 2
targets -set -nocase -filter {name =~ "*microblaze*#0" && bscan=="USER2" }
rst -system
after 3000
targets -set -nocase -filter {name =~ "*microblaze*#0" && bscan=="USER2" }
dow C:/Users/Kasper/vitis_Classic/workspace2/Week4/Debug/Week4.elf
----------------End of Script----------------

21:34:08 INFO  : Context for processor 'microblaze_0' is selected.
21:34:08 INFO  : 'con' command is executed.
21:34:08 INFO  : ----------------XSDB Script (After Launch)----------------
targets -set -nocase -filter {name =~ "*microblaze*#0" && bscan=="USER2" }
con
----------------End of Script----------------

21:34:08 INFO  : Launch script is exported to file 'C:\Users\Kasper\vitis_Classic\workspace2\Week4_system\_ide\scripts\systemdebugger_week4_system_1_standalone.tcl'
21:35:54 INFO  : Checking for BSP changes to sync application flags for project 'Week4'...
21:35:56 INFO  : Disconnected from the channel tcfchan#6.
21:35:56 INFO  : Connected to target on host '127.0.0.1' and port '3121'.
21:35:56 INFO  : Jtag cable 'Digilent Basys3 210183A37940A' is selected.
21:35:56 INFO  : 'jtag frequency' command is executed.
21:35:57 INFO  : 'targets -set -filter {jtag_cable_name =~ "Digilent Basys3 210183A37940A" && level==0 && jtag_device_ctx=="jsn-Basys3-210183A37940A-0362d093-0"}' command is executed.
21:35:57 INFO  : Device configured successfully with "C:/Users/Kasper/vitis_Classic/workspace2/Week4/_ide/bitstream/design_1_wrapper.bit"
21:35:57 INFO  : Context for processor 'microblaze_0' is selected.
21:35:57 INFO  : Hardware design and registers information is loaded from 'C:/Users/Kasper/vitis_Classic/workspace2/design_1_wrapper/export/design_1_wrapper/hw/design_1_wrapper.xsa'.
21:35:57 INFO  : 'configparams mdm-detect-bscan-mask 2' command is executed.
21:35:57 INFO  : Context for processor 'microblaze_0' is selected.
21:35:57 INFO  : System reset is completed.
21:36:00 INFO  : 'after 3000' command is executed.
21:36:00 INFO  : Context for processor 'microblaze_0' is selected.
21:36:00 INFO  : The application 'C:/Users/Kasper/vitis_Classic/workspace2/Week4/Debug/Week4.elf' is downloaded to processor 'microblaze_0'.
21:36:00 INFO  : ----------------XSDB Script----------------
connect -url tcp:127.0.0.1:3121
targets -set -filter {jtag_cable_name =~ "Digilent Basys3 210183A37940A" && level==0 && jtag_device_ctx=="jsn-Basys3-210183A37940A-0362d093-0"}
fpga -file C:/Users/Kasper/vitis_Classic/workspace2/Week4/_ide/bitstream/design_1_wrapper.bit
targets -set -nocase -filter {name =~ "*microblaze*#0" && bscan=="USER2" }
loadhw -hw C:/Users/Kasper/vitis_Classic/workspace2/design_1_wrapper/export/design_1_wrapper/hw/design_1_wrapper.xsa -regs
configparams mdm-detect-bscan-mask 2
targets -set -nocase -filter {name =~ "*microblaze*#0" && bscan=="USER2" }
rst -system
after 3000
targets -set -nocase -filter {name =~ "*microblaze*#0" && bscan=="USER2" }
dow C:/Users/Kasper/vitis_Classic/workspace2/Week4/Debug/Week4.elf
----------------End of Script----------------

21:36:00 INFO  : Context for processor 'microblaze_0' is selected.
21:36:00 INFO  : 'con' command is executed.
21:36:00 INFO  : ----------------XSDB Script (After Launch)----------------
targets -set -nocase -filter {name =~ "*microblaze*#0" && bscan=="USER2" }
con
----------------End of Script----------------

21:36:00 INFO  : Launch script is exported to file 'C:\Users\Kasper\vitis_Classic\workspace2\Week4_system\_ide\scripts\systemdebugger_week4_system_1_standalone.tcl'
21:36:52 INFO  : Checking for BSP changes to sync application flags for project 'Week4'...
21:36:54 INFO  : Disconnected from the channel tcfchan#7.
21:36:54 INFO  : Connected to target on host '127.0.0.1' and port '3121'.
21:36:54 INFO  : Jtag cable 'Digilent Basys3 210183A37940A' is selected.
21:36:54 INFO  : 'jtag frequency' command is executed.
21:36:54 INFO  : 'targets -set -filter {jtag_cable_name =~ "Digilent Basys3 210183A37940A" && level==0 && jtag_device_ctx=="jsn-Basys3-210183A37940A-0362d093-0"}' command is executed.
21:36:55 INFO  : Device configured successfully with "C:/Users/Kasper/vitis_Classic/workspace2/Week4/_ide/bitstream/design_1_wrapper.bit"
21:36:55 INFO  : Context for processor 'microblaze_0' is selected.
21:36:55 INFO  : Hardware design and registers information is loaded from 'C:/Users/Kasper/vitis_Classic/workspace2/design_1_wrapper/export/design_1_wrapper/hw/design_1_wrapper.xsa'.
21:36:55 INFO  : 'configparams mdm-detect-bscan-mask 2' command is executed.
21:36:55 INFO  : Context for processor 'microblaze_0' is selected.
21:36:55 INFO  : System reset is completed.
21:36:58 INFO  : 'after 3000' command is executed.
21:36:58 INFO  : Context for processor 'microblaze_0' is selected.
21:36:58 INFO  : The application 'C:/Users/Kasper/vitis_Classic/workspace2/Week4/Debug/Week4.elf' is downloaded to processor 'microblaze_0'.
21:36:58 INFO  : ----------------XSDB Script----------------
connect -url tcp:127.0.0.1:3121
targets -set -filter {jtag_cable_name =~ "Digilent Basys3 210183A37940A" && level==0 && jtag_device_ctx=="jsn-Basys3-210183A37940A-0362d093-0"}
fpga -file C:/Users/Kasper/vitis_Classic/workspace2/Week4/_ide/bitstream/design_1_wrapper.bit
targets -set -nocase -filter {name =~ "*microblaze*#0" && bscan=="USER2" }
loadhw -hw C:/Users/Kasper/vitis_Classic/workspace2/design_1_wrapper/export/design_1_wrapper/hw/design_1_wrapper.xsa -regs
configparams mdm-detect-bscan-mask 2
targets -set -nocase -filter {name =~ "*microblaze*#0" && bscan=="USER2" }
rst -system
after 3000
targets -set -nocase -filter {name =~ "*microblaze*#0" && bscan=="USER2" }
dow C:/Users/Kasper/vitis_Classic/workspace2/Week4/Debug/Week4.elf
----------------End of Script----------------

21:36:58 INFO  : Context for processor 'microblaze_0' is selected.
21:36:58 INFO  : 'con' command is executed.
21:36:58 INFO  : ----------------XSDB Script (After Launch)----------------
targets -set -nocase -filter {name =~ "*microblaze*#0" && bscan=="USER2" }
con
----------------End of Script----------------

21:36:58 INFO  : Launch script is exported to file 'C:\Users\Kasper\vitis_Classic\workspace2\Week4_system\_ide\scripts\systemdebugger_week4_system_1_standalone.tcl'
21:37:42 INFO  : Checking for BSP changes to sync application flags for project 'Week4'...
21:37:45 INFO  : Disconnected from the channel tcfchan#8.
21:37:45 INFO  : Connected to target on host '127.0.0.1' and port '3121'.
21:37:45 INFO  : Jtag cable 'Digilent Basys3 210183A37940A' is selected.
21:37:45 INFO  : 'jtag frequency' command is executed.
21:37:45 INFO  : 'targets -set -filter {jtag_cable_name =~ "Digilent Basys3 210183A37940A" && level==0 && jtag_device_ctx=="jsn-Basys3-210183A37940A-0362d093-0"}' command is executed.
21:37:46 INFO  : Device configured successfully with "C:/Users/Kasper/vitis_Classic/workspace2/Week4/_ide/bitstream/design_1_wrapper.bit"
21:37:46 INFO  : Context for processor 'microblaze_0' is selected.
21:37:46 INFO  : Hardware design and registers information is loaded from 'C:/Users/Kasper/vitis_Classic/workspace2/design_1_wrapper/export/design_1_wrapper/hw/design_1_wrapper.xsa'.
21:37:46 INFO  : 'configparams mdm-detect-bscan-mask 2' command is executed.
21:37:46 INFO  : Context for processor 'microblaze_0' is selected.
21:37:46 INFO  : System reset is completed.
21:37:49 INFO  : 'after 3000' command is executed.
21:37:49 INFO  : Context for processor 'microblaze_0' is selected.
21:37:49 INFO  : The application 'C:/Users/Kasper/vitis_Classic/workspace2/Week4/Debug/Week4.elf' is downloaded to processor 'microblaze_0'.
21:37:49 INFO  : ----------------XSDB Script----------------
connect -url tcp:127.0.0.1:3121
targets -set -filter {jtag_cable_name =~ "Digilent Basys3 210183A37940A" && level==0 && jtag_device_ctx=="jsn-Basys3-210183A37940A-0362d093-0"}
fpga -file C:/Users/Kasper/vitis_Classic/workspace2/Week4/_ide/bitstream/design_1_wrapper.bit
targets -set -nocase -filter {name =~ "*microblaze*#0" && bscan=="USER2" }
loadhw -hw C:/Users/Kasper/vitis_Classic/workspace2/design_1_wrapper/export/design_1_wrapper/hw/design_1_wrapper.xsa -regs
configparams mdm-detect-bscan-mask 2
targets -set -nocase -filter {name =~ "*microblaze*#0" && bscan=="USER2" }
rst -system
after 3000
targets -set -nocase -filter {name =~ "*microblaze*#0" && bscan=="USER2" }
dow C:/Users/Kasper/vitis_Classic/workspace2/Week4/Debug/Week4.elf
----------------End of Script----------------

21:37:49 INFO  : Context for processor 'microblaze_0' is selected.
21:37:49 INFO  : 'con' command is executed.
21:37:49 INFO  : ----------------XSDB Script (After Launch)----------------
targets -set -nocase -filter {name =~ "*microblaze*#0" && bscan=="USER2" }
con
----------------End of Script----------------

21:37:49 INFO  : Launch script is exported to file 'C:\Users\Kasper\vitis_Classic\workspace2\Week4_system\_ide\scripts\systemdebugger_week4_system_1_standalone.tcl'
21:40:19 INFO  : Checking for BSP changes to sync application flags for project 'Week4'...
21:40:23 INFO  : Disconnected from the channel tcfchan#9.
21:40:23 INFO  : Connected to target on host '127.0.0.1' and port '3121'.
21:40:23 INFO  : Jtag cable 'Digilent Basys3 210183A37940A' is selected.
21:40:23 INFO  : 'jtag frequency' command is executed.
21:40:23 INFO  : 'targets -set -filter {jtag_cable_name =~ "Digilent Basys3 210183A37940A" && level==0 && jtag_device_ctx=="jsn-Basys3-210183A37940A-0362d093-0"}' command is executed.
21:40:24 INFO  : Device configured successfully with "C:/Users/Kasper/vitis_Classic/workspace2/Week4/_ide/bitstream/design_1_wrapper.bit"
21:40:24 INFO  : Context for processor 'microblaze_0' is selected.
21:40:24 INFO  : Hardware design and registers information is loaded from 'C:/Users/Kasper/vitis_Classic/workspace2/design_1_wrapper/export/design_1_wrapper/hw/design_1_wrapper.xsa'.
21:40:24 INFO  : 'configparams mdm-detect-bscan-mask 2' command is executed.
21:40:24 INFO  : Context for processor 'microblaze_0' is selected.
21:40:24 INFO  : System reset is completed.
21:40:27 INFO  : 'after 3000' command is executed.
21:40:27 INFO  : Context for processor 'microblaze_0' is selected.
21:40:27 INFO  : The application 'C:/Users/Kasper/vitis_Classic/workspace2/Week4/Debug/Week4.elf' is downloaded to processor 'microblaze_0'.
21:40:27 INFO  : ----------------XSDB Script----------------
connect -url tcp:127.0.0.1:3121
targets -set -filter {jtag_cable_name =~ "Digilent Basys3 210183A37940A" && level==0 && jtag_device_ctx=="jsn-Basys3-210183A37940A-0362d093-0"}
fpga -file C:/Users/Kasper/vitis_Classic/workspace2/Week4/_ide/bitstream/design_1_wrapper.bit
targets -set -nocase -filter {name =~ "*microblaze*#0" && bscan=="USER2" }
loadhw -hw C:/Users/Kasper/vitis_Classic/workspace2/design_1_wrapper/export/design_1_wrapper/hw/design_1_wrapper.xsa -regs
configparams mdm-detect-bscan-mask 2
targets -set -nocase -filter {name =~ "*microblaze*#0" && bscan=="USER2" }
rst -system
after 3000
targets -set -nocase -filter {name =~ "*microblaze*#0" && bscan=="USER2" }
dow C:/Users/Kasper/vitis_Classic/workspace2/Week4/Debug/Week4.elf
----------------End of Script----------------

21:40:27 INFO  : Context for processor 'microblaze_0' is selected.
21:40:27 INFO  : 'con' command is executed.
21:40:27 INFO  : ----------------XSDB Script (After Launch)----------------
targets -set -nocase -filter {name =~ "*microblaze*#0" && bscan=="USER2" }
con
----------------End of Script----------------

21:40:27 INFO  : Launch script is exported to file 'C:\Users\Kasper\vitis_Classic\workspace2\Week4_system\_ide\scripts\systemdebugger_week4_system_1_standalone.tcl'
21:41:14 INFO  : Checking for BSP changes to sync application flags for project 'Week4'...
21:41:16 INFO  : Disconnected from the channel tcfchan#10.
21:41:17 INFO  : Connected to target on host '127.0.0.1' and port '3121'.
21:41:17 INFO  : Jtag cable 'Digilent Basys3 210183A37940A' is selected.
21:41:17 INFO  : 'jtag frequency' command is executed.
21:41:17 INFO  : 'targets -set -filter {jtag_cable_name =~ "Digilent Basys3 210183A37940A" && level==0 && jtag_device_ctx=="jsn-Basys3-210183A37940A-0362d093-0"}' command is executed.
21:41:17 INFO  : Device configured successfully with "C:/Users/Kasper/vitis_Classic/workspace2/Week4/_ide/bitstream/design_1_wrapper.bit"
21:41:17 INFO  : Context for processor 'microblaze_0' is selected.
21:41:17 INFO  : Hardware design and registers information is loaded from 'C:/Users/Kasper/vitis_Classic/workspace2/design_1_wrapper/export/design_1_wrapper/hw/design_1_wrapper.xsa'.
21:41:17 INFO  : 'configparams mdm-detect-bscan-mask 2' command is executed.
21:41:17 INFO  : Context for processor 'microblaze_0' is selected.
21:41:17 INFO  : System reset is completed.
21:41:20 INFO  : 'after 3000' command is executed.
21:41:20 INFO  : Context for processor 'microblaze_0' is selected.
21:41:20 INFO  : The application 'C:/Users/Kasper/vitis_Classic/workspace2/Week4/Debug/Week4.elf' is downloaded to processor 'microblaze_0'.
21:41:20 INFO  : ----------------XSDB Script----------------
connect -url tcp:127.0.0.1:3121
targets -set -filter {jtag_cable_name =~ "Digilent Basys3 210183A37940A" && level==0 && jtag_device_ctx=="jsn-Basys3-210183A37940A-0362d093-0"}
fpga -file C:/Users/Kasper/vitis_Classic/workspace2/Week4/_ide/bitstream/design_1_wrapper.bit
targets -set -nocase -filter {name =~ "*microblaze*#0" && bscan=="USER2" }
loadhw -hw C:/Users/Kasper/vitis_Classic/workspace2/design_1_wrapper/export/design_1_wrapper/hw/design_1_wrapper.xsa -regs
configparams mdm-detect-bscan-mask 2
targets -set -nocase -filter {name =~ "*microblaze*#0" && bscan=="USER2" }
rst -system
after 3000
targets -set -nocase -filter {name =~ "*microblaze*#0" && bscan=="USER2" }
dow C:/Users/Kasper/vitis_Classic/workspace2/Week4/Debug/Week4.elf
----------------End of Script----------------

21:41:20 INFO  : Context for processor 'microblaze_0' is selected.
21:41:20 INFO  : 'con' command is executed.
21:41:20 INFO  : ----------------XSDB Script (After Launch)----------------
targets -set -nocase -filter {name =~ "*microblaze*#0" && bscan=="USER2" }
con
----------------End of Script----------------

21:41:20 INFO  : Launch script is exported to file 'C:\Users\Kasper\vitis_Classic\workspace2\Week4_system\_ide\scripts\systemdebugger_week4_system_1_standalone.tcl'
21:41:58 INFO  : Checking for BSP changes to sync application flags for project 'Week4'...
21:42:03 INFO  : Disconnected from the channel tcfchan#11.
21:42:03 INFO  : Connected to target on host '127.0.0.1' and port '3121'.
21:42:03 INFO  : Jtag cable 'Digilent Basys3 210183A37940A' is selected.
21:42:03 INFO  : 'jtag frequency' command is executed.
21:42:03 INFO  : 'targets -set -filter {jtag_cable_name =~ "Digilent Basys3 210183A37940A" && level==0 && jtag_device_ctx=="jsn-Basys3-210183A37940A-0362d093-0"}' command is executed.
21:42:03 INFO  : Device configured successfully with "C:/Users/Kasper/vitis_Classic/workspace2/Week4/_ide/bitstream/design_1_wrapper.bit"
21:42:03 INFO  : Context for processor 'microblaze_0' is selected.
21:42:04 INFO  : Hardware design and registers information is loaded from 'C:/Users/Kasper/vitis_Classic/workspace2/design_1_wrapper/export/design_1_wrapper/hw/design_1_wrapper.xsa'.
21:42:04 INFO  : 'configparams mdm-detect-bscan-mask 2' command is executed.
21:42:04 INFO  : Context for processor 'microblaze_0' is selected.
21:42:04 INFO  : System reset is completed.
21:42:07 INFO  : 'after 3000' command is executed.
21:42:07 INFO  : Context for processor 'microblaze_0' is selected.
21:42:07 INFO  : The application 'C:/Users/Kasper/vitis_Classic/workspace2/Week4/Debug/Week4.elf' is downloaded to processor 'microblaze_0'.
21:42:07 INFO  : ----------------XSDB Script----------------
connect -url tcp:127.0.0.1:3121
targets -set -filter {jtag_cable_name =~ "Digilent Basys3 210183A37940A" && level==0 && jtag_device_ctx=="jsn-Basys3-210183A37940A-0362d093-0"}
fpga -file C:/Users/Kasper/vitis_Classic/workspace2/Week4/_ide/bitstream/design_1_wrapper.bit
targets -set -nocase -filter {name =~ "*microblaze*#0" && bscan=="USER2" }
loadhw -hw C:/Users/Kasper/vitis_Classic/workspace2/design_1_wrapper/export/design_1_wrapper/hw/design_1_wrapper.xsa -regs
configparams mdm-detect-bscan-mask 2
targets -set -nocase -filter {name =~ "*microblaze*#0" && bscan=="USER2" }
rst -system
after 3000
targets -set -nocase -filter {name =~ "*microblaze*#0" && bscan=="USER2" }
dow C:/Users/Kasper/vitis_Classic/workspace2/Week4/Debug/Week4.elf
----------------End of Script----------------

21:42:07 INFO  : Context for processor 'microblaze_0' is selected.
21:42:07 INFO  : 'con' command is executed.
21:42:07 INFO  : ----------------XSDB Script (After Launch)----------------
targets -set -nocase -filter {name =~ "*microblaze*#0" && bscan=="USER2" }
con
----------------End of Script----------------

21:42:07 INFO  : Launch script is exported to file 'C:\Users\Kasper\vitis_Classic\workspace2\Week4_system\_ide\scripts\systemdebugger_week4_system_1_standalone.tcl'
21:43:11 INFO  : Checking for BSP changes to sync application flags for project 'Week4'...
21:43:14 INFO  : Disconnected from the channel tcfchan#12.
21:43:14 INFO  : Connected to target on host '127.0.0.1' and port '3121'.
21:43:14 INFO  : Jtag cable 'Digilent Basys3 210183A37940A' is selected.
21:43:14 INFO  : 'jtag frequency' command is executed.
21:43:15 INFO  : 'targets -set -filter {jtag_cable_name =~ "Digilent Basys3 210183A37940A" && level==0 && jtag_device_ctx=="jsn-Basys3-210183A37940A-0362d093-0"}' command is executed.
21:43:15 INFO  : Device configured successfully with "C:/Users/Kasper/vitis_Classic/workspace2/Week4/_ide/bitstream/design_1_wrapper.bit"
21:43:15 INFO  : Context for processor 'microblaze_0' is selected.
21:43:15 INFO  : Hardware design and registers information is loaded from 'C:/Users/Kasper/vitis_Classic/workspace2/design_1_wrapper/export/design_1_wrapper/hw/design_1_wrapper.xsa'.
21:43:15 INFO  : 'configparams mdm-detect-bscan-mask 2' command is executed.
21:43:15 INFO  : Context for processor 'microblaze_0' is selected.
21:43:15 INFO  : System reset is completed.
21:43:18 INFO  : 'after 3000' command is executed.
21:43:18 INFO  : Context for processor 'microblaze_0' is selected.
21:43:18 INFO  : The application 'C:/Users/Kasper/vitis_Classic/workspace2/Week4/Debug/Week4.elf' is downloaded to processor 'microblaze_0'.
21:43:18 INFO  : ----------------XSDB Script----------------
connect -url tcp:127.0.0.1:3121
targets -set -filter {jtag_cable_name =~ "Digilent Basys3 210183A37940A" && level==0 && jtag_device_ctx=="jsn-Basys3-210183A37940A-0362d093-0"}
fpga -file C:/Users/Kasper/vitis_Classic/workspace2/Week4/_ide/bitstream/design_1_wrapper.bit
targets -set -nocase -filter {name =~ "*microblaze*#0" && bscan=="USER2" }
loadhw -hw C:/Users/Kasper/vitis_Classic/workspace2/design_1_wrapper/export/design_1_wrapper/hw/design_1_wrapper.xsa -regs
configparams mdm-detect-bscan-mask 2
targets -set -nocase -filter {name =~ "*microblaze*#0" && bscan=="USER2" }
rst -system
after 3000
targets -set -nocase -filter {name =~ "*microblaze*#0" && bscan=="USER2" }
dow C:/Users/Kasper/vitis_Classic/workspace2/Week4/Debug/Week4.elf
----------------End of Script----------------

21:43:18 INFO  : Context for processor 'microblaze_0' is selected.
21:43:18 INFO  : 'con' command is executed.
21:43:18 INFO  : ----------------XSDB Script (After Launch)----------------
targets -set -nocase -filter {name =~ "*microblaze*#0" && bscan=="USER2" }
con
----------------End of Script----------------

21:43:18 INFO  : Launch script is exported to file 'C:\Users\Kasper\vitis_Classic\workspace2\Week4_system\_ide\scripts\systemdebugger_week4_system_1_standalone.tcl'
21:45:08 INFO  : Checking for BSP changes to sync application flags for project 'Week4'...
21:45:10 INFO  : Disconnected from the channel tcfchan#13.
21:45:10 INFO  : Connected to target on host '127.0.0.1' and port '3121'.
21:45:10 INFO  : Jtag cable 'Digilent Basys3 210183A37940A' is selected.
21:45:10 INFO  : 'jtag frequency' command is executed.
21:45:10 INFO  : 'targets -set -filter {jtag_cable_name =~ "Digilent Basys3 210183A37940A" && level==0 && jtag_device_ctx=="jsn-Basys3-210183A37940A-0362d093-0"}' command is executed.
21:45:11 INFO  : Device configured successfully with "C:/Users/Kasper/vitis_Classic/workspace2/Week4/_ide/bitstream/design_1_wrapper.bit"
21:45:11 INFO  : Context for processor 'microblaze_0' is selected.
21:45:11 INFO  : Hardware design and registers information is loaded from 'C:/Users/Kasper/vitis_Classic/workspace2/design_1_wrapper/export/design_1_wrapper/hw/design_1_wrapper.xsa'.
21:45:11 INFO  : 'configparams mdm-detect-bscan-mask 2' command is executed.
21:45:11 INFO  : Context for processor 'microblaze_0' is selected.
21:45:11 INFO  : System reset is completed.
21:45:14 INFO  : 'after 3000' command is executed.
21:45:14 INFO  : Context for processor 'microblaze_0' is selected.
21:45:14 INFO  : The application 'C:/Users/Kasper/vitis_Classic/workspace2/Week4/Debug/Week4.elf' is downloaded to processor 'microblaze_0'.
21:45:14 INFO  : ----------------XSDB Script----------------
connect -url tcp:127.0.0.1:3121
targets -set -filter {jtag_cable_name =~ "Digilent Basys3 210183A37940A" && level==0 && jtag_device_ctx=="jsn-Basys3-210183A37940A-0362d093-0"}
fpga -file C:/Users/Kasper/vitis_Classic/workspace2/Week4/_ide/bitstream/design_1_wrapper.bit
targets -set -nocase -filter {name =~ "*microblaze*#0" && bscan=="USER2" }
loadhw -hw C:/Users/Kasper/vitis_Classic/workspace2/design_1_wrapper/export/design_1_wrapper/hw/design_1_wrapper.xsa -regs
configparams mdm-detect-bscan-mask 2
targets -set -nocase -filter {name =~ "*microblaze*#0" && bscan=="USER2" }
rst -system
after 3000
targets -set -nocase -filter {name =~ "*microblaze*#0" && bscan=="USER2" }
dow C:/Users/Kasper/vitis_Classic/workspace2/Week4/Debug/Week4.elf
----------------End of Script----------------

21:45:14 INFO  : Context for processor 'microblaze_0' is selected.
21:45:14 INFO  : 'con' command is executed.
21:45:14 INFO  : ----------------XSDB Script (After Launch)----------------
targets -set -nocase -filter {name =~ "*microblaze*#0" && bscan=="USER2" }
con
----------------End of Script----------------

21:45:14 INFO  : Launch script is exported to file 'C:\Users\Kasper\vitis_Classic\workspace2\Week4_system\_ide\scripts\systemdebugger_week4_system_1_standalone.tcl'
21:46:33 INFO  : Checking for BSP changes to sync application flags for project 'Week4'...
21:46:36 INFO  : Connected to target on host '127.0.0.1' and port '3121'.
21:46:36 INFO  : Disconnected from the channel tcfchan#14.
21:46:36 INFO  : ----------------XSDB Script----------------
connect -url tcp:127.0.0.1:3121
----------------End of Script----------------

21:46:36 ERROR : Invalid target. Use "connect" command to connect to hw_server/TCF agent
21:46:40 INFO  : Connected to target on host '127.0.0.1' and port '3121'.
21:46:40 INFO  : Jtag cable 'Digilent Basys3 210183A37940A' is selected.
21:46:40 INFO  : 'jtag frequency' command is executed.
21:46:40 INFO  : 'targets -set -filter {jtag_cable_name =~ "Digilent Basys3 210183A37940A" && level==0 && jtag_device_ctx=="jsn-Basys3-210183A37940A-0362d093-0"}' command is executed.
21:46:40 INFO  : Device configured successfully with "C:/Users/Kasper/vitis_Classic/workspace2/Week4/_ide/bitstream/design_1_wrapper.bit"
21:46:40 INFO  : Context for processor 'microblaze_0' is selected.
21:46:40 INFO  : Hardware design and registers information is loaded from 'C:/Users/Kasper/vitis_Classic/workspace2/design_1_wrapper/export/design_1_wrapper/hw/design_1_wrapper.xsa'.
21:46:40 INFO  : 'configparams mdm-detect-bscan-mask 2' command is executed.
21:46:40 INFO  : Context for processor 'microblaze_0' is selected.
21:46:40 INFO  : System reset is completed.
21:46:43 INFO  : 'after 3000' command is executed.
21:46:43 INFO  : Context for processor 'microblaze_0' is selected.
21:46:43 INFO  : The application 'C:/Users/Kasper/vitis_Classic/workspace2/Week4/Debug/Week4.elf' is downloaded to processor 'microblaze_0'.
21:46:43 INFO  : ----------------XSDB Script----------------
connect -url tcp:127.0.0.1:3121
targets -set -filter {jtag_cable_name =~ "Digilent Basys3 210183A37940A" && level==0 && jtag_device_ctx=="jsn-Basys3-210183A37940A-0362d093-0"}
fpga -file C:/Users/Kasper/vitis_Classic/workspace2/Week4/_ide/bitstream/design_1_wrapper.bit
targets -set -nocase -filter {name =~ "*microblaze*#0" && bscan=="USER2" }
loadhw -hw C:/Users/Kasper/vitis_Classic/workspace2/design_1_wrapper/export/design_1_wrapper/hw/design_1_wrapper.xsa -regs
configparams mdm-detect-bscan-mask 2
targets -set -nocase -filter {name =~ "*microblaze*#0" && bscan=="USER2" }
rst -system
after 3000
targets -set -nocase -filter {name =~ "*microblaze*#0" && bscan=="USER2" }
dow C:/Users/Kasper/vitis_Classic/workspace2/Week4/Debug/Week4.elf
----------------End of Script----------------

21:46:44 INFO  : Context for processor 'microblaze_0' is selected.
21:46:44 INFO  : 'con' command is executed.
21:46:44 INFO  : ----------------XSDB Script (After Launch)----------------
targets -set -nocase -filter {name =~ "*microblaze*#0" && bscan=="USER2" }
con
----------------End of Script----------------

21:46:44 INFO  : Launch script is exported to file 'C:\Users\Kasper\vitis_Classic\workspace2\Week4_system\_ide\scripts\systemdebugger_week4_system_1_standalone.tcl'
21:47:29 INFO  : Checking for BSP changes to sync application flags for project 'Week4'...
21:47:32 INFO  : Disconnected from the channel tcfchan#15.
21:47:32 INFO  : Connected to target on host '127.0.0.1' and port '3121'.
21:47:32 INFO  : Jtag cable 'Digilent Basys3 210183A37940A' is selected.
21:47:32 INFO  : 'jtag frequency' command is executed.
21:47:32 INFO  : 'targets -set -filter {jtag_cable_name =~ "Digilent Basys3 210183A37940A" && level==0 && jtag_device_ctx=="jsn-Basys3-210183A37940A-0362d093-0"}' command is executed.
21:47:32 INFO  : Device configured successfully with "C:/Users/Kasper/vitis_Classic/workspace2/Week4/_ide/bitstream/design_1_wrapper.bit"
21:47:32 INFO  : Context for processor 'microblaze_0' is selected.
21:47:32 INFO  : Hardware design and registers information is loaded from 'C:/Users/Kasper/vitis_Classic/workspace2/design_1_wrapper/export/design_1_wrapper/hw/design_1_wrapper.xsa'.
21:47:32 INFO  : 'configparams mdm-detect-bscan-mask 2' command is executed.
21:47:32 INFO  : Context for processor 'microblaze_0' is selected.
21:47:32 INFO  : System reset is completed.
21:47:35 INFO  : 'after 3000' command is executed.
21:47:35 INFO  : Context for processor 'microblaze_0' is selected.
21:47:35 INFO  : The application 'C:/Users/Kasper/vitis_Classic/workspace2/Week4/Debug/Week4.elf' is downloaded to processor 'microblaze_0'.
21:47:35 INFO  : ----------------XSDB Script----------------
connect -url tcp:127.0.0.1:3121
targets -set -filter {jtag_cable_name =~ "Digilent Basys3 210183A37940A" && level==0 && jtag_device_ctx=="jsn-Basys3-210183A37940A-0362d093-0"}
fpga -file C:/Users/Kasper/vitis_Classic/workspace2/Week4/_ide/bitstream/design_1_wrapper.bit
targets -set -nocase -filter {name =~ "*microblaze*#0" && bscan=="USER2" }
loadhw -hw C:/Users/Kasper/vitis_Classic/workspace2/design_1_wrapper/export/design_1_wrapper/hw/design_1_wrapper.xsa -regs
configparams mdm-detect-bscan-mask 2
targets -set -nocase -filter {name =~ "*microblaze*#0" && bscan=="USER2" }
rst -system
after 3000
targets -set -nocase -filter {name =~ "*microblaze*#0" && bscan=="USER2" }
dow C:/Users/Kasper/vitis_Classic/workspace2/Week4/Debug/Week4.elf
----------------End of Script----------------

21:47:36 INFO  : Context for processor 'microblaze_0' is selected.
21:47:36 INFO  : 'con' command is executed.
21:47:36 INFO  : ----------------XSDB Script (After Launch)----------------
targets -set -nocase -filter {name =~ "*microblaze*#0" && bscan=="USER2" }
con
----------------End of Script----------------

21:47:36 INFO  : Launch script is exported to file 'C:\Users\Kasper\vitis_Classic\workspace2\Week4_system\_ide\scripts\systemdebugger_week4_system_1_standalone.tcl'
21:47:52 INFO  : Checking for BSP changes to sync application flags for project 'Week4'...
21:47:59 INFO  : Checking for BSP changes to sync application flags for project 'Week4'...
21:48:01 INFO  : Disconnected from the channel tcfchan#16.
21:48:01 INFO  : Connected to target on host '127.0.0.1' and port '3121'.
21:48:02 INFO  : Jtag cable 'Digilent Basys3 210183A37940A' is selected.
21:48:02 INFO  : 'jtag frequency' command is executed.
21:48:02 INFO  : 'targets -set -filter {jtag_cable_name =~ "Digilent Basys3 210183A37940A" && level==0 && jtag_device_ctx=="jsn-Basys3-210183A37940A-0362d093-0"}' command is executed.
21:48:02 INFO  : Device configured successfully with "C:/Users/Kasper/vitis_Classic/workspace2/Week4/_ide/bitstream/design_1_wrapper.bit"
21:48:02 INFO  : Context for processor 'microblaze_0' is selected.
21:48:02 INFO  : Hardware design and registers information is loaded from 'C:/Users/Kasper/vitis_Classic/workspace2/design_1_wrapper/export/design_1_wrapper/hw/design_1_wrapper.xsa'.
21:48:02 INFO  : 'configparams mdm-detect-bscan-mask 2' command is executed.
21:48:02 INFO  : Context for processor 'microblaze_0' is selected.
21:48:02 INFO  : System reset is completed.
21:48:05 INFO  : 'after 3000' command is executed.
21:48:05 INFO  : Context for processor 'microblaze_0' is selected.
21:48:05 INFO  : The application 'C:/Users/Kasper/vitis_Classic/workspace2/Week4/Debug/Week4.elf' is downloaded to processor 'microblaze_0'.
21:48:05 INFO  : ----------------XSDB Script----------------
connect -url tcp:127.0.0.1:3121
targets -set -filter {jtag_cable_name =~ "Digilent Basys3 210183A37940A" && level==0 && jtag_device_ctx=="jsn-Basys3-210183A37940A-0362d093-0"}
fpga -file C:/Users/Kasper/vitis_Classic/workspace2/Week4/_ide/bitstream/design_1_wrapper.bit
targets -set -nocase -filter {name =~ "*microblaze*#0" && bscan=="USER2" }
loadhw -hw C:/Users/Kasper/vitis_Classic/workspace2/design_1_wrapper/export/design_1_wrapper/hw/design_1_wrapper.xsa -regs
configparams mdm-detect-bscan-mask 2
targets -set -nocase -filter {name =~ "*microblaze*#0" && bscan=="USER2" }
rst -system
after 3000
targets -set -nocase -filter {name =~ "*microblaze*#0" && bscan=="USER2" }
dow C:/Users/Kasper/vitis_Classic/workspace2/Week4/Debug/Week4.elf
----------------End of Script----------------

21:48:05 INFO  : Context for processor 'microblaze_0' is selected.
21:48:05 INFO  : 'con' command is executed.
21:48:05 INFO  : ----------------XSDB Script (After Launch)----------------
targets -set -nocase -filter {name =~ "*microblaze*#0" && bscan=="USER2" }
con
----------------End of Script----------------

21:48:05 INFO  : Launch script is exported to file 'C:\Users\Kasper\vitis_Classic\workspace2\Week4_system\_ide\scripts\systemdebugger_week4_system_1_standalone.tcl'
21:48:48 INFO  : Checking for BSP changes to sync application flags for project 'Week4'...
21:48:50 INFO  : Disconnected from the channel tcfchan#17.
21:48:50 INFO  : Connected to target on host '127.0.0.1' and port '3121'.
21:48:50 INFO  : Jtag cable 'Digilent Basys3 210183A37940A' is selected.
21:48:50 INFO  : 'jtag frequency' command is executed.
21:48:50 INFO  : 'targets -set -filter {jtag_cable_name =~ "Digilent Basys3 210183A37940A" && level==0 && jtag_device_ctx=="jsn-Basys3-210183A37940A-0362d093-0"}' command is executed.
21:48:51 INFO  : Device configured successfully with "C:/Users/Kasper/vitis_Classic/workspace2/Week4/_ide/bitstream/design_1_wrapper.bit"
21:48:51 INFO  : Context for processor 'microblaze_0' is selected.
21:48:51 INFO  : Hardware design and registers information is loaded from 'C:/Users/Kasper/vitis_Classic/workspace2/design_1_wrapper/export/design_1_wrapper/hw/design_1_wrapper.xsa'.
21:48:51 INFO  : 'configparams mdm-detect-bscan-mask 2' command is executed.
21:48:51 INFO  : Context for processor 'microblaze_0' is selected.
21:48:51 INFO  : System reset is completed.
21:48:54 INFO  : 'after 3000' command is executed.
21:48:54 INFO  : Context for processor 'microblaze_0' is selected.
21:48:54 INFO  : The application 'C:/Users/Kasper/vitis_Classic/workspace2/Week4/Debug/Week4.elf' is downloaded to processor 'microblaze_0'.
21:48:54 INFO  : ----------------XSDB Script----------------
connect -url tcp:127.0.0.1:3121
targets -set -filter {jtag_cable_name =~ "Digilent Basys3 210183A37940A" && level==0 && jtag_device_ctx=="jsn-Basys3-210183A37940A-0362d093-0"}
fpga -file C:/Users/Kasper/vitis_Classic/workspace2/Week4/_ide/bitstream/design_1_wrapper.bit
targets -set -nocase -filter {name =~ "*microblaze*#0" && bscan=="USER2" }
loadhw -hw C:/Users/Kasper/vitis_Classic/workspace2/design_1_wrapper/export/design_1_wrapper/hw/design_1_wrapper.xsa -regs
configparams mdm-detect-bscan-mask 2
targets -set -nocase -filter {name =~ "*microblaze*#0" && bscan=="USER2" }
rst -system
after 3000
targets -set -nocase -filter {name =~ "*microblaze*#0" && bscan=="USER2" }
dow C:/Users/Kasper/vitis_Classic/workspace2/Week4/Debug/Week4.elf
----------------End of Script----------------

21:48:54 INFO  : Context for processor 'microblaze_0' is selected.
21:48:54 INFO  : 'con' command is executed.
21:48:54 INFO  : ----------------XSDB Script (After Launch)----------------
targets -set -nocase -filter {name =~ "*microblaze*#0" && bscan=="USER2" }
con
----------------End of Script----------------

21:48:54 INFO  : Launch script is exported to file 'C:\Users\Kasper\vitis_Classic\workspace2\Week4_system\_ide\scripts\systemdebugger_week4_system_1_standalone.tcl'
21:51:25 INFO  : Checking for BSP changes to sync application flags for project 'Week4'...
21:51:51 INFO  : Checking for BSP changes to sync application flags for project 'Week4'...
21:51:54 INFO  : Connected to target on host '127.0.0.1' and port '3121'.
21:51:54 INFO  : Disconnected from the channel tcfchan#18.
21:51:54 INFO  : ----------------XSDB Script----------------
connect -url tcp:127.0.0.1:3121
----------------End of Script----------------

21:51:54 ERROR : Invalid target. Use "connect" command to connect to hw_server/TCF agent
21:52:11 INFO  : Connected to target on host '127.0.0.1' and port '3121'.
21:52:12 INFO  : Jtag cable 'Digilent Basys3 210183A37940A' is selected.
21:52:12 INFO  : 'jtag frequency' command is executed.
21:52:12 INFO  : 'targets -set -filter {jtag_cable_name =~ "Digilent Basys3 210183A37940A" && level==0 && jtag_device_ctx=="jsn-Basys3-210183A37940A-0362d093-0"}' command is executed.
21:52:12 INFO  : Device configured successfully with "C:/Users/Kasper/vitis_Classic/workspace2/Week4/_ide/bitstream/design_1_wrapper.bit"
21:52:12 INFO  : Context for processor 'microblaze_0' is selected.
21:52:12 INFO  : Hardware design and registers information is loaded from 'C:/Users/Kasper/vitis_Classic/workspace2/design_1_wrapper/export/design_1_wrapper/hw/design_1_wrapper.xsa'.
21:52:12 INFO  : 'configparams mdm-detect-bscan-mask 2' command is executed.
21:52:12 INFO  : Context for processor 'microblaze_0' is selected.
21:52:12 INFO  : System reset is completed.
21:52:15 INFO  : 'after 3000' command is executed.
21:52:15 INFO  : Context for processor 'microblaze_0' is selected.
21:52:15 INFO  : The application 'C:/Users/Kasper/vitis_Classic/workspace2/Week4/Debug/Week4.elf' is downloaded to processor 'microblaze_0'.
21:52:15 INFO  : ----------------XSDB Script----------------
connect -url tcp:127.0.0.1:3121
targets -set -filter {jtag_cable_name =~ "Digilent Basys3 210183A37940A" && level==0 && jtag_device_ctx=="jsn-Basys3-210183A37940A-0362d093-0"}
fpga -file C:/Users/Kasper/vitis_Classic/workspace2/Week4/_ide/bitstream/design_1_wrapper.bit
targets -set -nocase -filter {name =~ "*microblaze*#0" && bscan=="USER2" }
loadhw -hw C:/Users/Kasper/vitis_Classic/workspace2/design_1_wrapper/export/design_1_wrapper/hw/design_1_wrapper.xsa -regs
configparams mdm-detect-bscan-mask 2
targets -set -nocase -filter {name =~ "*microblaze*#0" && bscan=="USER2" }
rst -system
after 3000
targets -set -nocase -filter {name =~ "*microblaze*#0" && bscan=="USER2" }
dow C:/Users/Kasper/vitis_Classic/workspace2/Week4/Debug/Week4.elf
----------------End of Script----------------

21:52:15 INFO  : Context for processor 'microblaze_0' is selected.
21:52:15 INFO  : 'con' command is executed.
21:52:15 INFO  : ----------------XSDB Script (After Launch)----------------
targets -set -nocase -filter {name =~ "*microblaze*#0" && bscan=="USER2" }
con
----------------End of Script----------------

21:52:15 INFO  : Launch script is exported to file 'C:\Users\Kasper\vitis_Classic\workspace2\Week4_system\_ide\scripts\systemdebugger_week4_system_1_standalone.tcl'
21:52:45 INFO  : Checking for BSP changes to sync application flags for project 'Week4'...
21:55:29 INFO  : Disconnected from the channel tcfchan#19.
21:55:29 INFO  : Connected to target on host '127.0.0.1' and port '3121'.
21:55:29 INFO  : Jtag cable 'Digilent Basys3 210183A37940A' is selected.
21:55:29 INFO  : 'jtag frequency' command is executed.
21:55:29 INFO  : 'targets -set -filter {jtag_cable_name =~ "Digilent Basys3 210183A37940A" && level==0 && jtag_device_ctx=="jsn-Basys3-210183A37940A-0362d093-0"}' command is executed.
21:55:30 INFO  : Device configured successfully with "C:/Users/Kasper/vitis_Classic/workspace2/Week4/_ide/bitstream/design_1_wrapper.bit"
21:55:30 INFO  : Context for processor 'microblaze_0' is selected.
21:55:30 INFO  : Hardware design and registers information is loaded from 'C:/Users/Kasper/vitis_Classic/workspace2/design_1_wrapper/export/design_1_wrapper/hw/design_1_wrapper.xsa'.
21:55:30 INFO  : 'configparams mdm-detect-bscan-mask 2' command is executed.
21:55:30 INFO  : Context for processor 'microblaze_0' is selected.
21:55:30 INFO  : System reset is completed.
21:55:33 INFO  : 'after 3000' command is executed.
21:55:33 INFO  : Context for processor 'microblaze_0' is selected.
21:55:33 INFO  : The application 'C:/Users/Kasper/vitis_Classic/workspace2/Week4/Debug/Week4.elf' is downloaded to processor 'microblaze_0'.
21:55:33 INFO  : ----------------XSDB Script----------------
connect -url tcp:127.0.0.1:3121
targets -set -filter {jtag_cable_name =~ "Digilent Basys3 210183A37940A" && level==0 && jtag_device_ctx=="jsn-Basys3-210183A37940A-0362d093-0"}
fpga -file C:/Users/Kasper/vitis_Classic/workspace2/Week4/_ide/bitstream/design_1_wrapper.bit
targets -set -nocase -filter {name =~ "*microblaze*#0" && bscan=="USER2" }
loadhw -hw C:/Users/Kasper/vitis_Classic/workspace2/design_1_wrapper/export/design_1_wrapper/hw/design_1_wrapper.xsa -regs
configparams mdm-detect-bscan-mask 2
targets -set -nocase -filter {name =~ "*microblaze*#0" && bscan=="USER2" }
rst -system
after 3000
targets -set -nocase -filter {name =~ "*microblaze*#0" && bscan=="USER2" }
dow C:/Users/Kasper/vitis_Classic/workspace2/Week4/Debug/Week4.elf
----------------End of Script----------------

21:55:33 INFO  : Context for processor 'microblaze_0' is selected.
21:55:33 INFO  : 'con' command is executed.
21:55:33 INFO  : ----------------XSDB Script (After Launch)----------------
targets -set -nocase -filter {name =~ "*microblaze*#0" && bscan=="USER2" }
con
----------------End of Script----------------

21:55:33 INFO  : Launch script is exported to file 'C:\Users\Kasper\vitis_Classic\workspace2\Week4_system\_ide\scripts\systemdebugger_week4_system_1_standalone.tcl'
16:05:26 INFO  : Disconnected from the channel tcfchan#20.
16:05:26 INFO  : Connected to target on host '127.0.0.1' and port '3121'.
16:05:26 INFO  : Jtag cable 'Digilent Basys3 210183A37940A' is selected.
16:05:26 INFO  : 'jtag frequency' command is executed.
16:05:26 INFO  : 'targets -set -filter {jtag_cable_name =~ "Digilent Basys3 210183A37940A" && level==0 && jtag_device_ctx=="jsn-Basys3-210183A37940A-0362d093-0"}' command is executed.
16:05:26 INFO  : Device configured successfully with "C:/Users/Kasper/vitis_Classic/workspace2/Week4/_ide/bitstream/design_1_wrapper.bit"
16:05:26 INFO  : Context for processor 'microblaze_0' is selected.
16:05:26 INFO  : Hardware design and registers information is loaded from 'C:/Users/Kasper/vitis_Classic/workspace2/design_1_wrapper/export/design_1_wrapper/hw/design_1_wrapper.xsa'.
16:05:26 INFO  : 'configparams mdm-detect-bscan-mask 2' command is executed.
16:05:26 INFO  : Context for processor 'microblaze_0' is selected.
16:05:26 INFO  : System reset is completed.
16:05:29 INFO  : 'after 3000' command is executed.
16:05:29 INFO  : Context for processor 'microblaze_0' is selected.
16:05:30 INFO  : The application 'C:/Users/Kasper/vitis_Classic/workspace2/Week4/Debug/Week4.elf' is downloaded to processor 'microblaze_0'.
16:05:30 INFO  : ----------------XSDB Script----------------
connect -url tcp:127.0.0.1:3121
targets -set -filter {jtag_cable_name =~ "Digilent Basys3 210183A37940A" && level==0 && jtag_device_ctx=="jsn-Basys3-210183A37940A-0362d093-0"}
fpga -file C:/Users/Kasper/vitis_Classic/workspace2/Week4/_ide/bitstream/design_1_wrapper.bit
targets -set -nocase -filter {name =~ "*microblaze*#0" && bscan=="USER2" }
loadhw -hw C:/Users/Kasper/vitis_Classic/workspace2/design_1_wrapper/export/design_1_wrapper/hw/design_1_wrapper.xsa -regs
configparams mdm-detect-bscan-mask 2
targets -set -nocase -filter {name =~ "*microblaze*#0" && bscan=="USER2" }
rst -system
after 3000
targets -set -nocase -filter {name =~ "*microblaze*#0" && bscan=="USER2" }
dow C:/Users/Kasper/vitis_Classic/workspace2/Week4/Debug/Week4.elf
----------------End of Script----------------

16:05:30 INFO  : Context for processor 'microblaze_0' is selected.
16:05:30 INFO  : 'con' command is executed.
16:05:30 INFO  : ----------------XSDB Script (After Launch)----------------
targets -set -nocase -filter {name =~ "*microblaze*#0" && bscan=="USER2" }
con
----------------End of Script----------------

16:05:30 INFO  : Launch script is exported to file 'C:\Users\Kasper\vitis_Classic\workspace2\Week4_system\_ide\scripts\systemdebugger_week4_system_1_standalone.tcl'
18:02:34 INFO  : Checking for BSP changes to sync application flags for project 'Week4'...
18:02:43 INFO  : Disconnected from the channel tcfchan#21.
18:02:43 INFO  : Connected to target on host '127.0.0.1' and port '3121'.
18:02:43 INFO  : Jtag cable 'Digilent Basys3 210183A37940A' is selected.
18:02:43 INFO  : 'jtag frequency' command is executed.
18:02:44 INFO  : 'targets -set -filter {jtag_cable_name =~ "Digilent Basys3 210183A37940A" && level==0 && jtag_device_ctx=="jsn-Basys3-210183A37940A-0362d093-0"}' command is executed.
18:02:44 INFO  : Device configured successfully with "C:/Users/Kasper/vitis_Classic/workspace2/Week4/_ide/bitstream/design_1_wrapper.bit"
18:02:44 INFO  : Context for processor 'microblaze_0' is selected.
18:02:44 INFO  : Hardware design and registers information is loaded from 'C:/Users/Kasper/vitis_Classic/workspace2/design_1_wrapper/export/design_1_wrapper/hw/design_1_wrapper.xsa'.
18:02:44 INFO  : 'configparams mdm-detect-bscan-mask 2' command is executed.
18:02:44 INFO  : Context for processor 'microblaze_0' is selected.
18:02:44 INFO  : System reset is completed.
18:02:47 INFO  : 'after 3000' command is executed.
18:02:47 INFO  : Context for processor 'microblaze_0' is selected.
18:02:47 INFO  : The application 'C:/Users/Kasper/vitis_Classic/workspace2/Week4/Debug/Week4.elf' is downloaded to processor 'microblaze_0'.
18:02:47 INFO  : ----------------XSDB Script----------------
connect -url tcp:127.0.0.1:3121
targets -set -filter {jtag_cable_name =~ "Digilent Basys3 210183A37940A" && level==0 && jtag_device_ctx=="jsn-Basys3-210183A37940A-0362d093-0"}
fpga -file C:/Users/Kasper/vitis_Classic/workspace2/Week4/_ide/bitstream/design_1_wrapper.bit
targets -set -nocase -filter {name =~ "*microblaze*#0" && bscan=="USER2" }
loadhw -hw C:/Users/Kasper/vitis_Classic/workspace2/design_1_wrapper/export/design_1_wrapper/hw/design_1_wrapper.xsa -regs
configparams mdm-detect-bscan-mask 2
targets -set -nocase -filter {name =~ "*microblaze*#0" && bscan=="USER2" }
rst -system
after 3000
targets -set -nocase -filter {name =~ "*microblaze*#0" && bscan=="USER2" }
dow C:/Users/Kasper/vitis_Classic/workspace2/Week4/Debug/Week4.elf
----------------End of Script----------------

18:02:47 INFO  : Context for processor 'microblaze_0' is selected.
18:02:47 INFO  : 'con' command is executed.
18:02:47 INFO  : ----------------XSDB Script (After Launch)----------------
targets -set -nocase -filter {name =~ "*microblaze*#0" && bscan=="USER2" }
con
----------------End of Script----------------

18:02:47 INFO  : Launch script is exported to file 'C:\Users\Kasper\vitis_Classic\workspace2\Week4_system\_ide\scripts\systemdebugger_week4_system_1_standalone.tcl'
18:02:53 INFO  : Connected to target on host '127.0.0.1' and port '3121'.
18:02:53 INFO  : Disconnected from the channel tcfchan#22.
18:02:53 INFO  : ----------------XSDB Script----------------
connect -url tcp:127.0.0.1:3121
----------------End of Script----------------

18:02:53 ERROR : null
18:04:04 INFO  : Checking for BSP changes to sync application flags for project 'Week4'...
18:04:09 INFO  : Connected to target on host '127.0.0.1' and port '3121'.
18:04:09 INFO  : Jtag cable 'Digilent Basys3 210183A37940A' is selected.
18:04:09 INFO  : 'jtag frequency' command is executed.
18:04:09 INFO  : 'targets -set -filter {jtag_cable_name =~ "Digilent Basys3 210183A37940A" && level==0 && jtag_device_ctx=="jsn-Basys3-210183A37940A-0362d093-0"}' command is executed.
18:04:10 INFO  : Device configured successfully with "C:/Users/Kasper/vitis_Classic/workspace2/Week4/_ide/bitstream/design_1_wrapper.bit"
18:04:10 INFO  : Context for processor 'microblaze_0' is selected.
18:04:10 INFO  : Hardware design and registers information is loaded from 'C:/Users/Kasper/vitis_Classic/workspace2/design_1_wrapper/export/design_1_wrapper/hw/design_1_wrapper.xsa'.
18:04:10 INFO  : 'configparams mdm-detect-bscan-mask 2' command is executed.
18:04:10 INFO  : Context for processor 'microblaze_0' is selected.
18:04:10 INFO  : System reset is completed.
18:04:13 INFO  : 'after 3000' command is executed.
18:04:13 INFO  : Context for processor 'microblaze_0' is selected.
18:04:13 INFO  : The application 'C:/Users/Kasper/vitis_Classic/workspace2/Week4/Debug/Week4.elf' is downloaded to processor 'microblaze_0'.
18:04:13 INFO  : ----------------XSDB Script----------------
connect -url tcp:127.0.0.1:3121
targets -set -filter {jtag_cable_name =~ "Digilent Basys3 210183A37940A" && level==0 && jtag_device_ctx=="jsn-Basys3-210183A37940A-0362d093-0"}
fpga -file C:/Users/Kasper/vitis_Classic/workspace2/Week4/_ide/bitstream/design_1_wrapper.bit
targets -set -nocase -filter {name =~ "*microblaze*#0" && bscan=="USER2" }
loadhw -hw C:/Users/Kasper/vitis_Classic/workspace2/design_1_wrapper/export/design_1_wrapper/hw/design_1_wrapper.xsa -regs
configparams mdm-detect-bscan-mask 2
targets -set -nocase -filter {name =~ "*microblaze*#0" && bscan=="USER2" }
rst -system
after 3000
targets -set -nocase -filter {name =~ "*microblaze*#0" && bscan=="USER2" }
dow C:/Users/Kasper/vitis_Classic/workspace2/Week4/Debug/Week4.elf
----------------End of Script----------------

18:04:13 INFO  : Context for processor 'microblaze_0' is selected.
18:04:13 INFO  : 'con' command is executed.
18:04:13 INFO  : ----------------XSDB Script (After Launch)----------------
targets -set -nocase -filter {name =~ "*microblaze*#0" && bscan=="USER2" }
con
----------------End of Script----------------

18:04:13 INFO  : Launch script is exported to file 'C:\Users\Kasper\vitis_Classic\workspace2\Week4_system\_ide\scripts\systemdebugger_week4_system_1_standalone.tcl'
18:05:16 INFO  : Checking for BSP changes to sync application flags for project 'Week4'...
18:05:18 INFO  : Disconnected from the channel tcfchan#23.
18:05:18 INFO  : Connected to target on host '127.0.0.1' and port '3121'.
18:05:18 INFO  : Jtag cable 'Digilent Basys3 210183A37940A' is selected.
18:05:18 INFO  : 'jtag frequency' command is executed.
18:05:18 INFO  : 'targets -set -filter {jtag_cable_name =~ "Digilent Basys3 210183A37940A" && level==0 && jtag_device_ctx=="jsn-Basys3-210183A37940A-0362d093-0"}' command is executed.
18:05:19 INFO  : Device configured successfully with "C:/Users/Kasper/vitis_Classic/workspace2/Week4/_ide/bitstream/design_1_wrapper.bit"
18:05:19 INFO  : Context for processor 'microblaze_0' is selected.
18:05:19 INFO  : Hardware design and registers information is loaded from 'C:/Users/Kasper/vitis_Classic/workspace2/design_1_wrapper/export/design_1_wrapper/hw/design_1_wrapper.xsa'.
18:05:19 INFO  : 'configparams mdm-detect-bscan-mask 2' command is executed.
18:05:19 INFO  : Context for processor 'microblaze_0' is selected.
18:05:19 INFO  : System reset is completed.
18:05:22 INFO  : 'after 3000' command is executed.
18:05:22 INFO  : Context for processor 'microblaze_0' is selected.
18:05:22 INFO  : The application 'C:/Users/Kasper/vitis_Classic/workspace2/Week4/Debug/Week4.elf' is downloaded to processor 'microblaze_0'.
18:05:22 INFO  : ----------------XSDB Script----------------
connect -url tcp:127.0.0.1:3121
targets -set -filter {jtag_cable_name =~ "Digilent Basys3 210183A37940A" && level==0 && jtag_device_ctx=="jsn-Basys3-210183A37940A-0362d093-0"}
fpga -file C:/Users/Kasper/vitis_Classic/workspace2/Week4/_ide/bitstream/design_1_wrapper.bit
targets -set -nocase -filter {name =~ "*microblaze*#0" && bscan=="USER2" }
loadhw -hw C:/Users/Kasper/vitis_Classic/workspace2/design_1_wrapper/export/design_1_wrapper/hw/design_1_wrapper.xsa -regs
configparams mdm-detect-bscan-mask 2
targets -set -nocase -filter {name =~ "*microblaze*#0" && bscan=="USER2" }
rst -system
after 3000
targets -set -nocase -filter {name =~ "*microblaze*#0" && bscan=="USER2" }
dow C:/Users/Kasper/vitis_Classic/workspace2/Week4/Debug/Week4.elf
----------------End of Script----------------

18:05:22 INFO  : Context for processor 'microblaze_0' is selected.
18:05:22 INFO  : 'con' command is executed.
18:05:22 INFO  : ----------------XSDB Script (After Launch)----------------
targets -set -nocase -filter {name =~ "*microblaze*#0" && bscan=="USER2" }
con
----------------End of Script----------------

18:05:22 INFO  : Launch script is exported to file 'C:\Users\Kasper\vitis_Classic\workspace2\Week4_system\_ide\scripts\systemdebugger_week4_system_1_standalone.tcl'
18:06:03 INFO  : Checking for BSP changes to sync application flags for project 'Week4'...
18:06:05 INFO  : Disconnected from the channel tcfchan#24.
18:06:05 INFO  : Connected to target on host '127.0.0.1' and port '3121'.
18:06:05 INFO  : Jtag cable 'Digilent Basys3 210183A37940A' is selected.
18:06:05 INFO  : 'jtag frequency' command is executed.
18:06:05 INFO  : 'targets -set -filter {jtag_cable_name =~ "Digilent Basys3 210183A37940A" && level==0 && jtag_device_ctx=="jsn-Basys3-210183A37940A-0362d093-0"}' command is executed.
18:06:06 INFO  : Device configured successfully with "C:/Users/Kasper/vitis_Classic/workspace2/Week4/_ide/bitstream/design_1_wrapper.bit"
18:06:06 INFO  : Context for processor 'microblaze_0' is selected.
18:06:06 INFO  : Hardware design and registers information is loaded from 'C:/Users/Kasper/vitis_Classic/workspace2/design_1_wrapper/export/design_1_wrapper/hw/design_1_wrapper.xsa'.
18:06:06 INFO  : 'configparams mdm-detect-bscan-mask 2' command is executed.
18:06:06 INFO  : Context for processor 'microblaze_0' is selected.
18:06:06 INFO  : System reset is completed.
18:06:09 INFO  : 'after 3000' command is executed.
18:06:09 INFO  : Context for processor 'microblaze_0' is selected.
18:06:09 INFO  : The application 'C:/Users/Kasper/vitis_Classic/workspace2/Week4/Debug/Week4.elf' is downloaded to processor 'microblaze_0'.
18:06:09 INFO  : ----------------XSDB Script----------------
connect -url tcp:127.0.0.1:3121
targets -set -filter {jtag_cable_name =~ "Digilent Basys3 210183A37940A" && level==0 && jtag_device_ctx=="jsn-Basys3-210183A37940A-0362d093-0"}
fpga -file C:/Users/Kasper/vitis_Classic/workspace2/Week4/_ide/bitstream/design_1_wrapper.bit
targets -set -nocase -filter {name =~ "*microblaze*#0" && bscan=="USER2" }
loadhw -hw C:/Users/Kasper/vitis_Classic/workspace2/design_1_wrapper/export/design_1_wrapper/hw/design_1_wrapper.xsa -regs
configparams mdm-detect-bscan-mask 2
targets -set -nocase -filter {name =~ "*microblaze*#0" && bscan=="USER2" }
rst -system
after 3000
targets -set -nocase -filter {name =~ "*microblaze*#0" && bscan=="USER2" }
dow C:/Users/Kasper/vitis_Classic/workspace2/Week4/Debug/Week4.elf
----------------End of Script----------------

18:06:09 INFO  : Context for processor 'microblaze_0' is selected.
18:06:09 INFO  : 'con' command is executed.
18:06:09 INFO  : ----------------XSDB Script (After Launch)----------------
targets -set -nocase -filter {name =~ "*microblaze*#0" && bscan=="USER2" }
con
----------------End of Script----------------

18:06:09 INFO  : Launch script is exported to file 'C:\Users\Kasper\vitis_Classic\workspace2\Week4_system\_ide\scripts\systemdebugger_week4_system_1_standalone.tcl'
10:02:56 INFO  : Disconnected from the channel tcfchan#25.
10:02:56 INFO  : Connected to target on host '127.0.0.1' and port '3121'.
10:02:57 INFO  : Jtag cable 'Digilent Basys3 210183A37940A' is selected.
10:02:57 INFO  : 'jtag frequency' command is executed.
10:02:57 INFO  : 'targets -set -filter {jtag_cable_name =~ "Digilent Basys3 210183A37940A" && level==0 && jtag_device_ctx=="jsn-Basys3-210183A37940A-0362d093-0"}' command is executed.
10:02:57 INFO  : Device configured successfully with "C:/Users/Kasper/vitis_Classic/workspace2/Week4/_ide/bitstream/design_1_wrapper.bit"
10:02:57 INFO  : Context for processor 'microblaze_0' is selected.
10:02:57 INFO  : Hardware design and registers information is loaded from 'C:/Users/Kasper/vitis_Classic/workspace2/design_1_wrapper/export/design_1_wrapper/hw/design_1_wrapper.xsa'.
10:02:57 INFO  : 'configparams mdm-detect-bscan-mask 2' command is executed.
10:02:57 INFO  : Context for processor 'microblaze_0' is selected.
10:02:57 INFO  : System reset is completed.
10:03:01 INFO  : 'after 3000' command is executed.
10:03:01 INFO  : Context for processor 'microblaze_0' is selected.
10:03:01 INFO  : The application 'C:/Users/Kasper/vitis_Classic/workspace2/Week4/Debug/Week4.elf' is downloaded to processor 'microblaze_0'.
10:03:01 INFO  : ----------------XSDB Script----------------
connect -url tcp:127.0.0.1:3121
targets -set -filter {jtag_cable_name =~ "Digilent Basys3 210183A37940A" && level==0 && jtag_device_ctx=="jsn-Basys3-210183A37940A-0362d093-0"}
fpga -file C:/Users/Kasper/vitis_Classic/workspace2/Week4/_ide/bitstream/design_1_wrapper.bit
targets -set -nocase -filter {name =~ "*microblaze*#0" && bscan=="USER2" }
loadhw -hw C:/Users/Kasper/vitis_Classic/workspace2/design_1_wrapper/export/design_1_wrapper/hw/design_1_wrapper.xsa -regs
configparams mdm-detect-bscan-mask 2
targets -set -nocase -filter {name =~ "*microblaze*#0" && bscan=="USER2" }
rst -system
after 3000
targets -set -nocase -filter {name =~ "*microblaze*#0" && bscan=="USER2" }
dow C:/Users/Kasper/vitis_Classic/workspace2/Week4/Debug/Week4.elf
----------------End of Script----------------

10:03:01 INFO  : Context for processor 'microblaze_0' is selected.
10:03:01 INFO  : 'con' command is executed.
10:03:01 INFO  : ----------------XSDB Script (After Launch)----------------
targets -set -nocase -filter {name =~ "*microblaze*#0" && bscan=="USER2" }
con
----------------End of Script----------------

10:03:01 INFO  : Launch script is exported to file 'C:\Users\Kasper\vitis_Classic\workspace2\Week4_system\_ide\scripts\systemdebugger_week4_system_1_standalone.tcl'
08:51:38 INFO  : Disconnected from the channel tcfchan#26.
08:51:38 INFO  : Connected to target on host '127.0.0.1' and port '3121'.
08:51:38 INFO  : Jtag cable 'Digilent Basys3 210183A37940A' is selected.
08:51:38 INFO  : 'jtag frequency' command is executed.
08:51:39 INFO  : 'targets -set -filter {jtag_cable_name =~ "Digilent Basys3 210183A37940A" && level==0 && jtag_device_ctx=="jsn-Basys3-210183A37940A-0362d093-0"}' command is executed.
08:51:39 INFO  : Device configured successfully with "C:/Users/Kasper/vitis_Classic/workspace2/Week4/_ide/bitstream/design_1_wrapper.bit"
08:51:39 INFO  : Context for processor 'microblaze_0' is selected.
08:51:39 INFO  : Hardware design and registers information is loaded from 'C:/Users/Kasper/vitis_Classic/workspace2/design_1_wrapper/export/design_1_wrapper/hw/design_1_wrapper.xsa'.
08:51:39 INFO  : 'configparams mdm-detect-bscan-mask 2' command is executed.
08:51:39 INFO  : Context for processor 'microblaze_0' is selected.
08:51:39 INFO  : System reset is completed.
08:51:42 INFO  : 'after 3000' command is executed.
08:51:43 INFO  : Context for processor 'microblaze_0' is selected.
08:51:43 INFO  : The application 'C:/Users/Kasper/vitis_Classic/workspace2/Week4/Debug/Week4.elf' is downloaded to processor 'microblaze_0'.
08:51:43 INFO  : ----------------XSDB Script----------------
connect -url tcp:127.0.0.1:3121
targets -set -filter {jtag_cable_name =~ "Digilent Basys3 210183A37940A" && level==0 && jtag_device_ctx=="jsn-Basys3-210183A37940A-0362d093-0"}
fpga -file C:/Users/Kasper/vitis_Classic/workspace2/Week4/_ide/bitstream/design_1_wrapper.bit
targets -set -nocase -filter {name =~ "*microblaze*#0" && bscan=="USER2" }
loadhw -hw C:/Users/Kasper/vitis_Classic/workspace2/design_1_wrapper/export/design_1_wrapper/hw/design_1_wrapper.xsa -regs
configparams mdm-detect-bscan-mask 2
targets -set -nocase -filter {name =~ "*microblaze*#0" && bscan=="USER2" }
rst -system
after 3000
targets -set -nocase -filter {name =~ "*microblaze*#0" && bscan=="USER2" }
dow C:/Users/Kasper/vitis_Classic/workspace2/Week4/Debug/Week4.elf
----------------End of Script----------------

08:51:43 INFO  : Context for processor 'microblaze_0' is selected.
08:51:43 INFO  : 'con' command is executed.
08:51:43 INFO  : ----------------XSDB Script (After Launch)----------------
targets -set -nocase -filter {name =~ "*microblaze*#0" && bscan=="USER2" }
con
----------------End of Script----------------

08:51:43 INFO  : Launch script is exported to file 'C:\Users\Kasper\vitis_Classic\workspace2\Week4_system\_ide\scripts\systemdebugger_week4_system_1_standalone.tcl'
08:51:47 INFO  : Disconnected from the channel tcfchan#27.
08:51:47 INFO  : Connected to target on host '127.0.0.1' and port '3121'.
08:51:47 INFO  : Jtag cable 'Digilent Basys3 210183A37940A' is selected.
08:51:47 INFO  : 'jtag frequency' command is executed.
08:51:47 INFO  : 'targets -set -filter {jtag_cable_name =~ "Digilent Basys3 210183A37940A" && level==0 && jtag_device_ctx=="jsn-Basys3-210183A37940A-0362d093-0"}' command is executed.
08:51:48 INFO  : Device configured successfully with "C:/Users/Kasper/vitis_Classic/workspace2/Week4/_ide/bitstream/design_1_wrapper.bit"
08:51:48 INFO  : Context for processor 'microblaze_0' is selected.
08:51:48 INFO  : Hardware design and registers information is loaded from 'C:/Users/Kasper/vitis_Classic/workspace2/design_1_wrapper/export/design_1_wrapper/hw/design_1_wrapper.xsa'.
08:51:48 INFO  : 'configparams mdm-detect-bscan-mask 2' command is executed.
08:51:48 INFO  : Context for processor 'microblaze_0' is selected.
08:51:48 INFO  : System reset is completed.
08:51:51 INFO  : 'after 3000' command is executed.
08:51:51 INFO  : Context for processor 'microblaze_0' is selected.
08:51:51 INFO  : The application 'C:/Users/Kasper/vitis_Classic/workspace2/Week4/Debug/Week4.elf' is downloaded to processor 'microblaze_0'.
08:51:51 INFO  : ----------------XSDB Script----------------
connect -url tcp:127.0.0.1:3121
targets -set -filter {jtag_cable_name =~ "Digilent Basys3 210183A37940A" && level==0 && jtag_device_ctx=="jsn-Basys3-210183A37940A-0362d093-0"}
fpga -file C:/Users/Kasper/vitis_Classic/workspace2/Week4/_ide/bitstream/design_1_wrapper.bit
targets -set -nocase -filter {name =~ "*microblaze*#0" && bscan=="USER2" }
loadhw -hw C:/Users/Kasper/vitis_Classic/workspace2/design_1_wrapper/export/design_1_wrapper/hw/design_1_wrapper.xsa -regs
configparams mdm-detect-bscan-mask 2
targets -set -nocase -filter {name =~ "*microblaze*#0" && bscan=="USER2" }
rst -system
after 3000
targets -set -nocase -filter {name =~ "*microblaze*#0" && bscan=="USER2" }
dow C:/Users/Kasper/vitis_Classic/workspace2/Week4/Debug/Week4.elf
----------------End of Script----------------

08:51:51 INFO  : Context for processor 'microblaze_0' is selected.
08:51:51 INFO  : 'con' command is executed.
08:51:51 INFO  : ----------------XSDB Script (After Launch)----------------
targets -set -nocase -filter {name =~ "*microblaze*#0" && bscan=="USER2" }
con
----------------End of Script----------------

08:51:51 INFO  : Launch script is exported to file 'C:\Users\Kasper\vitis_Classic\workspace2\Week4_system\_ide\scripts\systemdebugger_week4_system_1_standalone.tcl'
08:51:53 INFO  : Checking for BSP changes to sync application flags for project 'Week4'...
08:51:56 INFO  : Disconnected from the channel tcfchan#28.
08:51:56 INFO  : Connected to target on host '127.0.0.1' and port '3121'.
08:51:56 INFO  : Jtag cable 'Digilent Basys3 210183A37940A' is selected.
08:51:56 INFO  : 'jtag frequency' command is executed.
08:51:56 INFO  : 'targets -set -filter {jtag_cable_name =~ "Digilent Basys3 210183A37940A" && level==0 && jtag_device_ctx=="jsn-Basys3-210183A37940A-0362d093-0"}' command is executed.
08:51:57 INFO  : Device configured successfully with "C:/Users/Kasper/vitis_Classic/workspace2/Week4/_ide/bitstream/design_1_wrapper.bit"
08:51:57 INFO  : Context for processor 'microblaze_0' is selected.
08:51:57 INFO  : Hardware design and registers information is loaded from 'C:/Users/Kasper/vitis_Classic/workspace2/design_1_wrapper/export/design_1_wrapper/hw/design_1_wrapper.xsa'.
08:51:57 INFO  : 'configparams mdm-detect-bscan-mask 2' command is executed.
08:51:57 INFO  : Context for processor 'microblaze_0' is selected.
08:51:57 INFO  : System reset is completed.
08:52:00 INFO  : 'after 3000' command is executed.
08:52:00 INFO  : Context for processor 'microblaze_0' is selected.
08:52:00 INFO  : The application 'C:/Users/Kasper/vitis_Classic/workspace2/Week4/Debug/Week4.elf' is downloaded to processor 'microblaze_0'.
08:52:00 INFO  : ----------------XSDB Script----------------
connect -url tcp:127.0.0.1:3121
targets -set -filter {jtag_cable_name =~ "Digilent Basys3 210183A37940A" && level==0 && jtag_device_ctx=="jsn-Basys3-210183A37940A-0362d093-0"}
fpga -file C:/Users/Kasper/vitis_Classic/workspace2/Week4/_ide/bitstream/design_1_wrapper.bit
targets -set -nocase -filter {name =~ "*microblaze*#0" && bscan=="USER2" }
loadhw -hw C:/Users/Kasper/vitis_Classic/workspace2/design_1_wrapper/export/design_1_wrapper/hw/design_1_wrapper.xsa -regs
configparams mdm-detect-bscan-mask 2
targets -set -nocase -filter {name =~ "*microblaze*#0" && bscan=="USER2" }
rst -system
after 3000
targets -set -nocase -filter {name =~ "*microblaze*#0" && bscan=="USER2" }
dow C:/Users/Kasper/vitis_Classic/workspace2/Week4/Debug/Week4.elf
----------------End of Script----------------

08:52:00 INFO  : Context for processor 'microblaze_0' is selected.
08:52:00 INFO  : 'con' command is executed.
08:52:00 INFO  : ----------------XSDB Script (After Launch)----------------
targets -set -nocase -filter {name =~ "*microblaze*#0" && bscan=="USER2" }
con
----------------End of Script----------------

08:52:00 INFO  : Launch script is exported to file 'C:\Users\Kasper\vitis_Classic\workspace2\Week4_system\_ide\scripts\systemdebugger_week4_system_1_standalone.tcl'
09:54:21 INFO  : Disconnected from the channel tcfchan#29.
09:54:21 INFO  : Connected to target on host '127.0.0.1' and port '3121'.
09:54:22 INFO  : Jtag cable 'Digilent Basys3 210183A37940A' is selected.
09:54:22 INFO  : 'jtag frequency' command is executed.
09:54:22 INFO  : 'targets -set -filter {jtag_cable_name =~ "Digilent Basys3 210183A37940A" && level==0 && jtag_device_ctx=="jsn-Basys3-210183A37940A-0362d093-0"}' command is executed.
09:54:22 INFO  : Device configured successfully with "C:/Users/Kasper/vitis_Classic/workspace2/Week4/_ide/bitstream/design_1_wrapper.bit"
09:54:22 INFO  : Context for processor 'microblaze_0' is selected.
09:54:22 INFO  : Hardware design and registers information is loaded from 'C:/Users/Kasper/vitis_Classic/workspace2/design_1_wrapper/export/design_1_wrapper/hw/design_1_wrapper.xsa'.
09:54:22 INFO  : 'configparams mdm-detect-bscan-mask 2' command is executed.
09:54:22 INFO  : Context for processor 'microblaze_0' is selected.
09:54:22 INFO  : System reset is completed.
09:54:25 INFO  : 'after 3000' command is executed.
09:54:25 INFO  : Context for processor 'microblaze_0' is selected.
09:54:25 INFO  : The application 'C:/Users/Kasper/vitis_Classic/workspace2/Week4/Debug/Week4.elf' is downloaded to processor 'microblaze_0'.
09:54:25 INFO  : ----------------XSDB Script----------------
connect -url tcp:127.0.0.1:3121
targets -set -filter {jtag_cable_name =~ "Digilent Basys3 210183A37940A" && level==0 && jtag_device_ctx=="jsn-Basys3-210183A37940A-0362d093-0"}
fpga -file C:/Users/Kasper/vitis_Classic/workspace2/Week4/_ide/bitstream/design_1_wrapper.bit
targets -set -nocase -filter {name =~ "*microblaze*#0" && bscan=="USER2" }
loadhw -hw C:/Users/Kasper/vitis_Classic/workspace2/design_1_wrapper/export/design_1_wrapper/hw/design_1_wrapper.xsa -regs
configparams mdm-detect-bscan-mask 2
targets -set -nocase -filter {name =~ "*microblaze*#0" && bscan=="USER2" }
rst -system
after 3000
targets -set -nocase -filter {name =~ "*microblaze*#0" && bscan=="USER2" }
dow C:/Users/Kasper/vitis_Classic/workspace2/Week4/Debug/Week4.elf
----------------End of Script----------------

09:54:25 INFO  : Context for processor 'microblaze_0' is selected.
09:54:25 INFO  : 'con' command is executed.
09:54:25 INFO  : ----------------XSDB Script (After Launch)----------------
targets -set -nocase -filter {name =~ "*microblaze*#0" && bscan=="USER2" }
con
----------------End of Script----------------

09:54:25 INFO  : Launch script is exported to file 'C:\Users\Kasper\vitis_Classic\workspace2\Week4_system\_ide\scripts\systemdebugger_week4_system_1_standalone.tcl'
09:25:18 DEBUG : Logs will be stored at 'C:/Users/Kasper/vitis_Classic/workspace2/IDE.log'.
09:25:19 INFO  : Launching XSCT server: xsct.bat -n  -interactive C:\Users\Kasper\vitis_Classic\workspace2\temp_xsdb_launch_script.tcl
09:25:25 INFO  : XSCT server has started successfully.
09:25:25 INFO  : Successfully done setting XSCT server connection channel  
09:25:25 INFO  : plnx-install-location is set to ''
09:25:25 INFO  : Successfully done setting workspace for the tool. 
09:25:26 INFO  : Platform repository initialization has completed.
09:25:27 INFO  : Successfully done query RDI_DATADIR 
09:25:28 INFO  : Registering command handlers for Vitis TCF services
